<?xml version="1.0" encoding="utf-8"?><testsuites><testsuite name="pytest" errors="0" failures="0" skipped="0" tests="3" time="22.292" timestamp="2024-03-30T23:43:32.802843" hostname="DESKTOP-M3KO8AF"><testcase classname="test_E2ETest.TestEndToEnd" name="test_EndToEnd" time="14.423" /><testcase classname="test_HomePageForm.TestHomeForm" name="test_HomePageFormSubmission[testData0]" time="6.256" /><testcase classname="test_HomePageForm.TestHomeForm" name="test_HomePageFormSubmission[testData1]" time="1.480" /></testsuite></testsuites>